{"C:\\Users\\nothe\\Downloads\\projetoimc\\api\\imc.js": {"path":"C:\\Users\\nothe\\Downloads\\projetoimc\\api\\imc.js","statementMap":{"0":{"start":{"line":2,"column":2},"end":{"line":4,"column":3}},"1":{"start":{"line":3,"column":4},"end":{"line":3,"column":55}},"2":{"start":{"line":6,"column":2},"end":{"line":8,"column":3}},"3":{"start":{"line":7,"column":4},"end":{"line":7,"column":64}},"4":{"start":{"line":10,"column":2},"end":{"line":12,"column":3}},"5":{"start":{"line":11,"column":4},"end":{"line":11,"column":70}},"6":{"start":{"line":14,"column":2},"end":{"line":16,"column":3}},"7":{"start":{"line":15,"column":4},"end":{"line":15,"column":37}},"8":{"start":{"line":18,"column":14},"end":{"line":18,"column":38}},"9":{"start":{"line":19,"column":25},"end":{"line":19,"column":51}},"10":{"start":{"line":20,"column":24},"end":{"line":20,"column":58}},"11":{"start":{"line":22,"column":2},"end":{"line":27,"column":4}},"12":{"start":{"line":31,"column":2},"end":{"line":67,"column":3}},"13":{"start":{"line":32,"column":4},"end":{"line":36,"column":6}},"14":{"start":{"line":37,"column":9},"end":{"line":67,"column":3}},"15":{"start":{"line":38,"column":4},"end":{"line":42,"column":6}},"16":{"start":{"line":43,"column":9},"end":{"line":67,"column":3}},"17":{"start":{"line":44,"column":4},"end":{"line":48,"column":6}},"18":{"start":{"line":49,"column":9},"end":{"line":67,"column":3}},"19":{"start":{"line":50,"column":4},"end":{"line":54,"column":6}},"20":{"start":{"line":55,"column":9},"end":{"line":67,"column":3}},"21":{"start":{"line":56,"column":4},"end":{"line":60,"column":6}},"22":{"start":{"line":62,"column":4},"end":{"line":66,"column":6}},"23":{"start":{"line":70,"column":0},"end":{"line":70,"column":53}}},"fnMap":{"0":{"name":"calcularIMC","decl":{"start":{"line":1,"column":9},"end":{"line":1,"column":20}},"loc":{"start":{"line":1,"column":35},"end":{"line":28,"column":1}},"line":1},"1":{"name":"obterClassificacao","decl":{"start":{"line":30,"column":9},"end":{"line":30,"column":27}},"loc":{"start":{"line":30,"column":33},"end":{"line":68,"column":1}},"line":30}},"branchMap":{"0":{"loc":{"start":{"line":2,"column":2},"end":{"line":4,"column":3}},"type":"if","locations":[{"start":{"line":2,"column":2},"end":{"line":4,"column":3}},{"start":{},"end":{}}],"line":2},"1":{"loc":{"start":{"line":2,"column":6},"end":{"line":2,"column":60}},"type":"binary-expr","locations":[{"start":{"line":2,"column":6},"end":{"line":2,"column":30}},{"start":{"line":2,"column":34},"end":{"line":2,"column":60}}],"line":2},"2":{"loc":{"start":{"line":6,"column":2},"end":{"line":8,"column":3}},"type":"if","locations":[{"start":{"line":6,"column":2},"end":{"line":8,"column":3}},{"start":{},"end":{}}],"line":6},"3":{"loc":{"start":{"line":6,"column":6},"end":{"line":6,"column":30}},"type":"binary-expr","locations":[{"start":{"line":6,"column":6},"end":{"line":6,"column":15}},{"start":{"line":6,"column":19},"end":{"line":6,"column":30}}],"line":6},"4":{"loc":{"start":{"line":10,"column":2},"end":{"line":12,"column":3}},"type":"if","locations":[{"start":{"line":10,"column":2},"end":{"line":12,"column":3}},{"start":{},"end":{}}],"line":10},"5":{"loc":{"start":{"line":14,"column":2},"end":{"line":16,"column":3}},"type":"if","locations":[{"start":{"line":14,"column":2},"end":{"line":16,"column":3}},{"start":{},"end":{}}],"line":14},"6":{"loc":{"start":{"line":31,"column":2},"end":{"line":67,"column":3}},"type":"if","locations":[{"start":{"line":31,"column":2},"end":{"line":67,"column":3}},{"start":{"line":37,"column":9},"end":{"line":67,"column":3}}],"line":31},"7":{"loc":{"start":{"line":37,"column":9},"end":{"line":67,"column":3}},"type":"if","locations":[{"start":{"line":37,"column":9},"end":{"line":67,"column":3}},{"start":{"line":43,"column":9},"end":{"line":67,"column":3}}],"line":37},"8":{"loc":{"start":{"line":43,"column":9},"end":{"line":67,"column":3}},"type":"if","locations":[{"start":{"line":43,"column":9},"end":{"line":67,"column":3}},{"start":{"line":49,"column":9},"end":{"line":67,"column":3}}],"line":43},"9":{"loc":{"start":{"line":49,"column":9},"end":{"line":67,"column":3}},"type":"if","locations":[{"start":{"line":49,"column":9},"end":{"line":67,"column":3}},{"start":{"line":55,"column":9},"end":{"line":67,"column":3}}],"line":49},"10":{"loc":{"start":{"line":55,"column":9},"end":{"line":67,"column":3}},"type":"if","locations":[{"start":{"line":55,"column":9},"end":{"line":67,"column":3}},{"start":{"line":61,"column":9},"end":{"line":67,"column":3}}],"line":55}},"s":{"0":1,"1":0,"2":1,"3":0,"4":1,"5":0,"6":1,"7":0,"8":1,"9":1,"10":1,"11":1,"12":1,"13":0,"14":1,"15":1,"16":0,"17":0,"18":0,"19":0,"20":0,"21":0,"22":0,"23":1},"f":{"0":1,"1":1},"b":{"0":[0,1],"1":[1,1],"2":[0,1],"3":[1,1],"4":[0,1],"5":[0,1],"6":[0,1],"7":[1,0],"8":[0,0],"9":[0,0],"10":[0,0]},"_coverageSchema":"1a1c01bbd47fc00a2c39e90264f33305004495a9","hash":"dec7aec3e001e4a9c90239ae190793645cdb6c0d"}
,"C:\\Users\\nothe\\Downloads\\projetoimc\\api\\server.js": {"path":"C:\\Users\\nothe\\Downloads\\projetoimc\\api\\server.js","statementMap":{"0":{"start":{"line":1,"column":16},"end":{"line":1,"column":34}},"1":{"start":{"line":2,"column":13},"end":{"line":2,"column":28}},"2":{"start":{"line":3,"column":13},"end":{"line":3,"column":28}},"3":{"start":{"line":4,"column":24},"end":{"line":4,"column":40}},"4":{"start":{"line":5,"column":12},"end":{"line":5,"column":21}},"5":{"start":{"line":6,"column":13},"end":{"line":6,"column":37}},"6":{"start":{"line":8,"column":0},"end":{"line":8,"column":16}},"7":{"start":{"line":9,"column":0},"end":{"line":9,"column":24}},"8":{"start":{"line":10,"column":0},"end":{"line":10,"column":64}},"9":{"start":{"line":12,"column":0},"end":{"line":19,"column":3}},"10":{"start":{"line":13,"column":2},"end":{"line":18,"column":5}},"11":{"start":{"line":21,"column":0},"end":{"line":45,"column":3}},"12":{"start":{"line":22,"column":27},"end":{"line":22,"column":35}},"13":{"start":{"line":24,"column":2},"end":{"line":28,"column":3}},"14":{"start":{"line":25,"column":4},"end":{"line":27,"column":7}},"15":{"start":{"line":30,"column":18},"end":{"line":30,"column":34}},"16":{"start":{"line":31,"column":20},"end":{"line":31,"column":38}},"17":{"start":{"line":33,"column":2},"end":{"line":37,"column":3}},"18":{"start":{"line":34,"column":4},"end":{"line":36,"column":7}},"19":{"start":{"line":39,"column":2},"end":{"line":44,"column":3}},"20":{"start":{"line":40,"column":22},"end":{"line":40,"column":53}},"21":{"start":{"line":41,"column":4},"end":{"line":41,"column":43}},"22":{"start":{"line":43,"column":4},"end":{"line":43,"column":57}},"23":{"start":{"line":47,"column":0},"end":{"line":56,"column":3}},"24":{"start":{"line":48,"column":2},"end":{"line":55,"column":5}},"25":{"start":{"line":58,"column":0},"end":{"line":60,"column":3}},"26":{"start":{"line":59,"column":2},"end":{"line":59,"column":69}},"27":{"start":{"line":62,"column":0},"end":{"line":66,"column":1}},"28":{"start":{"line":63,"column":2},"end":{"line":65,"column":5}},"29":{"start":{"line":64,"column":4},"end":{"line":64,"column":64}},"30":{"start":{"line":68,"column":0},"end":{"line":68,"column":21}}},"fnMap":{"0":{"name":"(anonymous_0)","decl":{"start":{"line":12,"column":23},"end":{"line":12,"column":24}},"loc":{"start":{"line":12,"column":37},"end":{"line":19,"column":1}},"line":12},"1":{"name":"(anonymous_1)","decl":{"start":{"line":21,"column":21},"end":{"line":21,"column":22}},"loc":{"start":{"line":21,"column":35},"end":{"line":45,"column":1}},"line":21},"2":{"name":"(anonymous_2)","decl":{"start":{"line":47,"column":23},"end":{"line":47,"column":24}},"loc":{"start":{"line":47,"column":37},"end":{"line":56,"column":1}},"line":47},"3":{"name":"(anonymous_3)","decl":{"start":{"line":58,"column":13},"end":{"line":58,"column":14}},"loc":{"start":{"line":58,"column":27},"end":{"line":60,"column":1}},"line":58},"4":{"name":"(anonymous_4)","decl":{"start":{"line":63,"column":19},"end":{"line":63,"column":20}},"loc":{"start":{"line":63,"column":25},"end":{"line":65,"column":3}},"line":63}},"branchMap":{"0":{"loc":{"start":{"line":6,"column":13},"end":{"line":6,"column":37}},"type":"binary-expr","locations":[{"start":{"line":6,"column":13},"end":{"line":6,"column":29}},{"start":{"line":6,"column":33},"end":{"line":6,"column":37}}],"line":6},"1":{"loc":{"start":{"line":24,"column":2},"end":{"line":28,"column":3}},"type":"if","locations":[{"start":{"line":24,"column":2},"end":{"line":28,"column":3}},{"start":{},"end":{}}],"line":24},"2":{"loc":{"start":{"line":24,"column":6},"end":{"line":24,"column":48}},"type":"binary-expr","locations":[{"start":{"line":24,"column":6},"end":{"line":24,"column":24}},{"start":{"line":24,"column":28},"end":{"line":24,"column":48}}],"line":24},"3":{"loc":{"start":{"line":33,"column":2},"end":{"line":37,"column":3}},"type":"if","locations":[{"start":{"line":33,"column":2},"end":{"line":37,"column":3}},{"start":{},"end":{}}],"line":33},"4":{"loc":{"start":{"line":33,"column":6},"end":{"line":33,"column":40}},"type":"binary-expr","locations":[{"start":{"line":33,"column":6},"end":{"line":33,"column":20}},{"start":{"line":33,"column":24},"end":{"line":33,"column":40}}],"line":33},"5":{"loc":{"start":{"line":62,"column":0},"end":{"line":66,"column":1}},"type":"if","locations":[{"start":{"line":62,"column":0},"end":{"line":66,"column":1}},{"start":{},"end":{}}],"line":62}},"s":{"0":1,"1":1,"2":1,"3":1,"4":1,"5":1,"6":1,"7":1,"8":1,"9":1,"10":1,"11":1,"12":1,"13":1,"14":0,"15":1,"16":1,"17":1,"18":0,"19":1,"20":1,"21":1,"22":0,"23":1,"24":0,"25":1,"26":0,"27":1,"28":0,"29":0,"30":1},"f":{"0":1,"1":1,"2":0,"3":0,"4":0},"b":{"0":[1,1],"1":[0,1],"2":[1,1],"3":[0,1],"4":[1,1],"5":[0,1]},"_coverageSchema":"1a1c01bbd47fc00a2c39e90264f33305004495a9","hash":"43bfd64c55c6c6f4dd0f1685615054c722d92505"}
}
