TN:
SF:api\imc.js
FN:1,calcularIMC
FN:30,obterClassificacao
FNF:2
FNH:2
FNDA:1,calcularIMC
FNDA:1,obterClassificacao
DA:2,1
DA:3,0
DA:6,1
DA:7,0
DA:10,1
DA:11,0
DA:14,1
DA:15,0
DA:18,1
DA:19,1
DA:20,1
DA:22,1
DA:31,1
DA:32,0
DA:37,1
DA:38,1
DA:43,0
DA:44,0
DA:49,0
DA:50,0
DA:55,0
DA:56,0
DA:62,0
DA:70,1
LF:24
LH:12
BRDA:2,0,0,0
BRDA:2,0,1,1
BRDA:2,1,0,1
BRDA:2,1,1,1
BRDA:6,2,0,0
BRDA:6,2,1,1
BRDA:6,3,0,1
BRDA:6,3,1,1
BRDA:10,4,0,0
BRDA:10,4,1,1
BRDA:14,5,0,0
BRDA:14,5,1,1
BRDA:31,6,0,0
BRDA:31,6,1,1
BRDA:37,7,0,1
BRDA:37,7,1,0
BRDA:43,8,0,0
BRDA:43,8,1,0
BRDA:49,9,0,0
BRDA:49,9,1,0
BRDA:55,10,0,0
BRDA:55,10,1,0
BRF:22
BRH:10
end_of_record
TN:
SF:api\server.js
FN:12,(anonymous_0)
FN:21,(anonymous_1)
FN:47,(anonymous_2)
FN:58,(anonymous_3)
FN:63,(anonymous_4)
FNF:5
FNH:2
FNDA:1,(anonymous_0)
FNDA:1,(anonymous_1)
FNDA:0,(anonymous_2)
FNDA:0,(anonymous_3)
FNDA:0,(anonymous_4)
DA:1,1
DA:2,1
DA:3,1
DA:4,1
DA:5,1
DA:6,1
DA:8,1
DA:9,1
DA:10,1
DA:12,1
DA:13,1
DA:21,1
DA:22,1
DA:24,1
DA:25,0
DA:30,1
DA:31,1
DA:33,1
DA:34,0
DA:39,1
DA:40,1
DA:41,1
DA:43,0
DA:47,1
DA:48,0
DA:58,1
DA:59,0
DA:62,1
DA:63,0
DA:64,0
DA:68,1
LF:31
LH:24
BRDA:6,0,0,1
BRDA:6,0,1,1
BRDA:24,1,0,0
BRDA:24,1,1,1
BRDA:24,2,0,1
BRDA:24,2,1,1
BRDA:33,3,0,0
BRDA:33,3,1,1
BRDA:33,4,0,1
BRDA:33,4,1,1
BRDA:62,5,0,0
BRDA:62,5,1,1
BRF:12
BRH:9
end_of_record
